<?xml version="1.0" encoding="UTF-8"?>
<!-- Generated by org.testng.reporters.JUnitXMLReporter -->
<testsuite hostname="mounika-PC" name="Test" tests="3" failures="2" timestamp="25 Jul 2019 17:06:46 GMT" time="52.739" errors="0">
  <testcase name="t1" time="0.017" classname="com.primus.PrimusExtentReport"/>
  <testcase name="titleVerification" time="0.05" classname="com.primus.PrimusExtentReport">
    <failure type="java.lang.AssertionError" message="expected [Primus BANK] but found [Primus BanK]">
      <![CDATA[java.lang.AssertionError: expected [Primus BANK] but found [Primus BanK]
	at com.primus.PrimusExtentReport.titleVerification(PrimusExtentReport.java:73)
... Removed 29 stack frames]]>
    </failure>
  </testcase> <!-- titleVerification -->
  <testcase name="kickStart on null(com.primus.AppTest)" time="0.019" classname="com.primus.AppTest">
    <failure type="java.lang.AssertionError" message="expected [Primus BANK] but found [Primus BanK]">
      <![CDATA[java.lang.AssertionError: expected [Primus BANK] but found [Primus BanK]
	at com.primus.PrimusExtentReport.titleVerification(PrimusExtentReport.java:73)
	at com.primus.AppTest.kickStart(AppTest.java:17)
... Removed 29 stack frames]]>
    </failure>
  </testcase> <!-- kickStart on null(com.primus.AppTest) -->
</testsuite> <!-- Test -->
